Input #0, mov,mp4,m4a,3gp,3g2,mj2, from '0e29354b-68d9-4c4b-8e9d-29c42fdc30e2.mp4':
  Metadata:
    major_brand     : mp42
    minor_version   : 0
    compatible_brands: isommp42
    encoder         : Google
  Duration: 00:00:30.06, start: 0.000000, bitrate: 790 kb/s
  Stream #0:0[0x1](und): Video: h264 (Constrained Baseline) (avc1 / 0x31637661), yuv420p(tv, bt709, progressive), 480x640 [SAR 1:1 DAR 3:4], 596 kb/s, 30 fps, 30 tbr, 15360 tbn (default)
    Metadata:
      handler_name    : ISO Media file produced by Google Inc.
      vendor_id       : [0][0][0][0]
  Stream #0:1[0x2](eng): Audio: aac (LC) (mp4a / 0x6134706D), 48000 Hz, stereo, fltp, 192 kb/s (default)
    Metadata:
      handler_name    : ISO Media file produced by Google Inc.
      vendor_id       : [0][0][0][0]
Stream mapping:
  Stream #0:0 -> #0:0 (h264 (native) -> wrapped_avframe (native))
  Stream #0:1 -> #0:1 (aac (native) -> pcm_s16le (native))
Press [q] to stop, [?] for help
Output #0, null, to 'pipe:':
  Metadata:
    major_brand     : mp42
    minor_version   : 0
    compatible_brands: isommp42
    encoder         : Lavf62.3.100
  Stream #0:0(und): Video: wrapped_avframe, yuv420p(tv, bt709, progressive), 480x640 [SAR 1:1 DAR 3:4], q=2-31, 200 kb/s, 30 fps, 30 tbn (default)
    Metadata:
      encoder         : Lavc62.11.100 wrapped_avframe
      handler_name    : ISO Media file produced by Google Inc.
      vendor_id       : [0][0][0][0]
  Stream #0:1(eng): Audio: pcm_s16le, 48000 Hz, stereo, s16, 1536 kb/s (default)
    Metadata:
      encoder         : Lavc62.11.100 pcm_s16le
      handler_name    : ISO Media file produced by Google Inc.
      vendor_id       : [0][0][0][0]
frame=  596 fps=0.0 q=-0.0 size=N/A time=00:00:19.86 bitrate=N/A speed=39.7x elapsed=0:00:00.50    [Parsed_astats_0 @ 0x7fffd0003000] Channel: 1
[Parsed_astats_0 @ 0x7fffd0003000] DC offset: 0.086168
[Parsed_astats_0 @ 0x7fffd0003000] Min level: -0.606104
[Parsed_astats_0 @ 0x7fffd0003000] Max level: 0.734250
[Parsed_astats_0 @ 0x7fffd0003000] Min difference: 0.000001
[Parsed_astats_0 @ 0x7fffd0003000] Max difference: 0.198473
[Parsed_astats_0 @ 0x7fffd0003000] Mean difference: 0.018341
[Parsed_astats_0 @ 0x7fffd0003000] RMS difference: 0.035803
[Parsed_astats_0 @ 0x7fffd0003000] Peak level dB: -2.683123
[Parsed_astats_0 @ 0x7fffd0003000] RMS level dB: -12.488561
[Parsed_astats_0 @ 0x7fffd0003000] RMS peak dB: -12.488561
[Parsed_astats_0 @ 0x7fffd0003000] RMS through dB: -12.488561
[Parsed_astats_0 @ 0x7fffd0003000] Crest factor: 3.092231
[Parsed_astats_0 @ 0x7fffd0003000] Flat factor: 0.000000
[Parsed_astats_0 @ 0x7fffd0003000] Peak count: 2
[Parsed_astats_0 @ 0x7fffd0003000] Abs Peak count: 1
[Parsed_astats_0 @ 0x7fffd0003000] Noise floor dB: nan
[Parsed_astats_0 @ 0x7fffd0003000] Noise floor count: 0
[Parsed_astats_0 @ 0x7fffd0003000] Entropy: 0.635870
[Parsed_astats_0 @ 0x7fffd0003000] Bit depth: 31/32/32/32
[Parsed_astats_0 @ 0x7fffd0003000] Dynamic range: 122.779365
[Parsed_astats_0 @ 0x7fffd0003000] Zero crossings: 85
[Parsed_astats_0 @ 0x7fffd0003000] Zero crossings rate: 0.083008
[Parsed_astats_0 @ 0x7fffd0003000] Number of NaNs: 0
[Parsed_astats_0 @ 0x7fffd0003000] Number of Infs: 0
[Parsed_astats_0 @ 0x7fffd0003000] Number of denormals: 0
[Parsed_astats_0 @ 0x7fffd0003000] Channel: 2
[Parsed_astats_0 @ 0x7fffd0003000] DC offset: 0.094592
[Parsed_astats_0 @ 0x7fffd0003000] Min level: -0.679206
[Parsed_astats_0 @ 0x7fffd0003000] Max level: 0.749346
[Parsed_astats_0 @ 0x7fffd0003000] Min difference: 0.000002
[Parsed_astats_0 @ 0x7fffd0003000] Max difference: 0.164402
[Parsed_astats_0 @ 0x7fffd0003000] Mean difference: 0.017748
[Parsed_astats_0 @ 0x7fffd0003000] RMS difference: 0.033156
[Parsed_astats_0 @ 0x7fffd0003000] Peak level dB: -2.506351
[Parsed_astats_0 @ 0x7fffd0003000] RMS level dB: -12.247050
[Parsed_astats_0 @ 0x7fffd0003000] RMS peak dB: -12.247050
[Parsed_astats_0 @ 0x7fffd0003000] RMS through dB: -12.247050
[Parsed_astats_0 @ 0x7fffd0003000] Crest factor: 3.069269
[Parsed_astats_0 @ 0x7fffd0003000] Flat factor: 0.000000
[Parsed_astats_0 @ 0x7fffd0003000] Peak count: 2
[Parsed_astats_0 @ 0x7fffd0003000] Abs Peak count: 1
[Parsed_astats_0 @ 0x7fffd0003000] Noise floor dB: nan
[Parsed_astats_0 @ 0x7fffd0003000] Noise floor count: 0
[Parsed_astats_0 @ 0x7fffd0003000] Entropy: 0.639698
[Parsed_astats_0 @ 0x7fffd0003000] Bit depth: 31/32/32/32
[Parsed_astats_0 @ 0x7fffd0003000] Dynamic range: 129.575324
[Parsed_astats_0 @ 0x7fffd0003000] Zero crossings: 96
[Parsed_astats_0 @ 0x7fffd0003000] Zero crossings rate: 0.093750
[Parsed_astats_0 @ 0x7fffd0003000] Number of NaNs: 0
[Parsed_astats_0 @ 0x7fffd0003000] Number of Infs: 0
[Parsed_astats_0 @ 0x7fffd0003000] Number of denormals: 0
[Parsed_astats_0 @ 0x7fffd0003000] Overall
[Parsed_astats_0 @ 0x7fffd0003000] DC offset: 0.094592
[Parsed_astats_0 @ 0x7fffd0003000] Min level: -0.679206
[Parsed_astats_0 @ 0x7fffd0003000] Max level: 0.749346
[Parsed_astats_0 @ 0x7fffd0003000] Min difference: 0.000001
[Parsed_astats_0 @ 0x7fffd0003000] Max difference: 0.198473
[Parsed_astats_0 @ 0x7fffd0003000] Mean difference: 0.018044
[Parsed_astats_0 @ 0x7fffd0003000] RMS difference: 0.034505
[Parsed_astats_0 @ 0x7fffd0003000] Peak level dB: -2.506351
[Parsed_astats_0 @ 0x7fffd0003000] RMS level dB: -12.366127
[Parsed_astats_0 @ 0x7fffd0003000] RMS peak dB: -12.247050
[Parsed_astats_0 @ 0x7fffd0003000] RMS through dB: -12.488561
[Parsed_astats_0 @ 0x7fffd0003000] Flat factor: 0.000000
[Parsed_astats_0 @ 0x7fffd0003000] Peak count: 2.000000
[Parsed_astats_0 @ 0x7fffd0003000] Abs Peak count: 1.000000
[Parsed_astats_0 @ 0x7fffd0003000] Noise floor dB: nan
[Parsed_astats_0 @ 0x7fffd0003000] Noise floor count: 0.000000
[Parsed_astats_0 @ 0x7fffd0003000] Entropy: 0.637784
[Parsed_astats_0 @ 0x7fffd0003000] Bit depth: 31/32/32/32
[Parsed_astats_0 @ 0x7fffd0003000] Number of samples: 1024
[Parsed_astats_0 @ 0x7fffd0003000] Number of NaNs: 0.000000
[Parsed_astats_0 @ 0x7fffd0003000] Number of Infs: 0.000000
[Parsed_astats_0 @ 0x7fffd0003000] Number of denormals: 0.000000
[out#0/null @ 0x555555610cc0] video:366KiB audio:5636KiB subtitle:0KiB other streams:0KiB global headers:0KiB muxing overhead: unknown
frame=  900 fps=0.0 q=-0.0 Lsize=N/A time=00:00:30.00 bitrate=N/A speed=39.6x elapsed=0:00:00.75    
